This is pdfTeX, Version 3.141592653-2.6-1.40.25 (TeX Live 2023/Arch Linux) (preloaded format=pdflatex 2023.4.11)  16 MAY 2023 17:36
entering extended mode
 restricted \write18 enabled.
 file:line:error style messages enabled.
 %&-line parsing enabled.
**report.tex
(./report.tex
LaTeX2e <2022-11-01> patch level 1
L3 programming layer <2023-02-22>
(/usr/share/texmf-dist/tex/latex/base/article.cls
Document Class: article 2022/07/02 v1.4n Standard LaTeX document class
(/usr/share/texmf-dist/tex/latex/base/size10.clo
File: size10.clo 2022/07/02 v1.4n Standard LaTeX file (size option)
)
\c@part=\count185
\c@section=\count186
\c@subsection=\count187
\c@subsubsection=\count188
\c@paragraph=\count189
\c@subparagraph=\count190
\c@figure=\count191
\c@table=\count192
\abovecaptionskip=\skip48
\belowcaptionskip=\skip49
\bibindent=\dimen140
)
(/usr/share/texmf-dist/tex/latex/listings/listings.sty
(/usr/share/texmf-dist/tex/latex/graphics/keyval.sty
Package: keyval 2022/05/29 v1.15 key=value parser (DPC)
\KV@toks@=\toks16
)
\lst@mode=\count193
\lst@gtempboxa=\box51
\lst@token=\toks17
\lst@length=\count194
\lst@currlwidth=\dimen141
\lst@column=\count195
\lst@pos=\count196
\lst@lostspace=\dimen142
\lst@width=\dimen143
\lst@newlines=\count197
\lst@lineno=\count198
\lst@maxwidth=\dimen144

(/usr/share/texmf-dist/tex/latex/listings/lstmisc.sty
File: lstmisc.sty 2023/02/27 1.9 (Carsten Heinz)
\c@lstnumber=\count199
\lst@skipnumbers=\count266
\lst@framebox=\box52
)
(/usr/share/texmf-dist/tex/latex/listings/listings.cfg
File: listings.cfg 2023/02/27 1.9 listings configuration
))
Package: listings 2023/02/27 1.9 (Carsten Heinz)

(/usr/share/texmf-dist/tex/latex/amsfonts/amssymb.sty
Package: amssymb 2013/01/14 v3.01 AMS font symbols

(/usr/share/texmf-dist/tex/latex/amsfonts/amsfonts.sty
Package: amsfonts 2013/01/14 v3.01 Basic AMSFonts support
\@emptytoks=\toks18
\symAMSa=\mathgroup4
\symAMSb=\mathgroup5
LaTeX Font Info:    Redeclaring math symbol \hbar on input line 98.
LaTeX Font Info:    Overwriting math alphabet `\mathfrak' in version `bold'
(Font)                  U/euf/m/n --> U/euf/b/n on input line 106.
))
(/usr/share/texmf-dist/tex/latex/graphics/graphicx.sty
Package: graphicx 2021/09/16 v1.2d Enhanced LaTeX Graphics (DPC,SPQR)

(/usr/share/texmf-dist/tex/latex/graphics/graphics.sty
Package: graphics 2022/03/10 v1.4e Standard LaTeX Graphics (DPC,SPQR)

(/usr/share/texmf-dist/tex/latex/graphics/trig.sty
Package: trig 2021/08/11 v1.11 sin cos tan (DPC)
)
(/usr/share/texmf-dist/tex/latex/graphics-cfg/graphics.cfg
File: graphics.cfg 2016/06/04 v1.11 sample graphics configuration
)
Package graphics Info: Driver file: pdftex.def on input line 107.

(/usr/share/texmf-dist/tex/latex/graphics-def/pdftex.def
File: pdftex.def 2022/09/22 v1.2b Graphics/color driver for pdftex
))
\Gin@req@height=\dimen145
\Gin@req@width=\dimen146
)
(/usr/share/texmf-dist/tex/latex/lipsum/lipsum.sty
(/usr/share/texmf-dist/tex/latex/l3packages/l3keys2e/l3keys2e.sty
(/usr/share/texmf-dist/tex/latex/l3kernel/expl3.sty
Package: expl3 2023-02-22 L3 programming layer (loader) 

(/usr/share/texmf-dist/tex/latex/l3backend/l3backend-pdftex.def
File: l3backend-pdftex.def 2023-01-16 L3 backend support: PDF output (pdfTeX)
\l__color_backend_stack_int=\count267
\l__pdf_internal_box=\box53
))
Package: l3keys2e 2023-02-02 LaTeX2e option processing using LaTeX3 keys
)
Package: lipsum 2021-09-20 v2.7 150 paragraphs of Lorem Ipsum dummy text
\g__lipsum_par_int=\count268
\l__lipsum_a_int=\count269
\l__lipsum_b_int=\count270

(/usr/share/texmf-dist/tex/latex/lipsum/lipsum.ltd.tex)) (./report.aux)
\openout1 = `report.aux'.

LaTeX Font Info:    Checking defaults for OML/cmm/m/it on input line 13.
LaTeX Font Info:    ... okay on input line 13.
LaTeX Font Info:    Checking defaults for OMS/cmsy/m/n on input line 13.
LaTeX Font Info:    ... okay on input line 13.
LaTeX Font Info:    Checking defaults for OT1/cmr/m/n on input line 13.
LaTeX Font Info:    ... okay on input line 13.
LaTeX Font Info:    Checking defaults for T1/cmr/m/n on input line 13.
LaTeX Font Info:    ... okay on input line 13.
LaTeX Font Info:    Checking defaults for TS1/cmr/m/n on input line 13.
LaTeX Font Info:    ... okay on input line 13.
LaTeX Font Info:    Checking defaults for OMX/cmex/m/n on input line 13.
LaTeX Font Info:    ... okay on input line 13.
LaTeX Font Info:    Checking defaults for U/cmr/m/n on input line 13.
LaTeX Font Info:    ... okay on input line 13.
\c@lstlisting=\count271

(/usr/share/texmf-dist/tex/context/base/mkii/supp-pdf.mkii
[Loading MPS to PDF converter (version 2006.09.02).]
\scratchcounter=\count272
\scratchdimen=\dimen147
\scratchbox=\box54
\nofMPsegments=\count273
\nofMParguments=\count274
\everyMPshowfont=\toks19
\MPscratchCnt=\count275
\MPscratchDim=\dimen148
\MPnumerator=\count276
\makeMPintoPDFobject=\count277
\everyMPtoPDFconversion=\toks20
) (/usr/share/texmf-dist/tex/latex/epstopdf-pkg/epstopdf-base.sty
Package: epstopdf-base 2020-01-24 v2.11 Base part for package epstopdf
Package epstopdf-base Info: Redefining graphics rule for `.eps' on input line 4
85.

(/usr/share/texmf-dist/tex/latex/latexconfig/epstopdf-sys.cfg
File: epstopdf-sys.cfg 2010/07/13 v1.3 Configuration of (r)epstopdf for TeX Liv
e
))
LaTeX Font Info:    Trying to load font information for U+msa on input line 15.


(/usr/share/texmf-dist/tex/latex/amsfonts/umsa.fd
File: umsa.fd 2013/01/14 v3.01 AMS symbols A
)
LaTeX Font Info:    Trying to load font information for U+msb on input line 15.


(/usr/share/texmf-dist/tex/latex/amsfonts/umsb.fd
File: umsb.fd 2013/01/14 v3.01 AMS symbols B
) [1

{/var/lib/texmf/fonts/map/pdftex/updmap/pdftex.map}{/usr/share/texmf-dist/fonts
/enc/dvips/cm-super/cm-super-ts1.enc}]
<./images//setup.png, id=11, 575.90157pt x 349.305pt>
File: ./images//setup.png Graphic file (type png)
<use ./images//setup.png>
Package pdftex.def Info: ./images//setup.png  used on input line 89.
(pdftex.def)             Requested size: 287.95007pt x 174.65207pt.

Overfull \hbox (6.79999pt too wide) in paragraph at lines 85--90
[] 
 []

[2 <./images//setup.png (PNG copy)>]
<./images//sending.png, id=15, 1036.62282pt x 470.50781pt>
File: ./images//sending.png Graphic file (type png)
<use ./images//sending.png>
Package pdftex.def Info: ./images//sending.png  used on input line 113.
(pdftex.def)             Requested size: 342.0866pt x 155.26805pt.

Overfull \hbox (6.79999pt too wide) in paragraph at lines 109--114
[] 
 []

[3 <./images//sending.png (PNG copy)>]
LaTeX Font Info:    Trying to load font information for OML+cmr on input line 1
19.

(/usr/share/texmf-dist/tex/latex/base/omlcmr.fd
File: omlcmr.fd 2022/07/10 v2.5l Standard LaTeX font definitions
)
LaTeX Font Info:    Font shape `OML/cmr/m/n' in size <10> not available
(Font)              Font shape `OML/cmm/m/it' tried instead on input line 119.

Overfull \hbox (7.10463pt too wide) in paragraph at lines 125--127
\OT1/cmr/m/n/10 SendAlive sends a mes-sage from pro-cess $\OML/cmm/m/it/10 p$ \
OT1/cmr/m/n/10 to pro-cess $\OML/cmm/m/it/10 q$ \OT1/cmr/m/n/10 with the con-te
nts ``ALIVE''.
 []

LaTeX Font Info:    Trying to load font information for OMS+cmr on input line 1
35.
(/usr/share/texmf-dist/tex/latex/base/omscmr.fd
File: omscmr.fd 2022/07/10 v2.5l Standard LaTeX font definitions
)
LaTeX Font Info:    Font shape `OMS/cmr/m/n' in size <10> not available
(Font)              Font shape `OMS/cmsy/m/n' tried instead on input line 135.
<./images//receive1.png, id=21, 669.2503pt x 195.73125pt>
File: ./images//receive1.png Graphic file (type png)
<use ./images//receive1.png>
Package pdftex.def Info: ./images//receive1.png  used on input line 150.
(pdftex.def)             Requested size: 334.62433pt x 97.86537pt.
<./images//receive2.png, id=22, 651.18282pt x 101.62968pt>
File: ./images//receive2.png Graphic file (type png)
<use ./images//receive2.png>
Package pdftex.def Info: ./images//receive2.png  used on input line 150.
(pdftex.def)             Requested size: 332.09885pt x 51.83044pt.

Overfull \hbox (6.79999pt too wide) in paragraph at lines 145--151
[] 
 []

[4]
<./images//handlemessages.png, id=28, 1049.42062pt x 423.08063pt>
File: ./images//handlemessages.png Graphic file (type png)
<use ./images//handlemessages.png>
Package pdftex.def Info: ./images//handlemessages.png  used on input line 180.
(pdftex.def)             Requested size: 346.30988pt x 139.61703pt.

Overfull \hbox (6.79999pt too wide) in paragraph at lines 176--181
[] 
 []

[5 <./images//receive1.png (PNG copy)> <./images//receive2.png (PNG copy)>]
<./images//checkleader.png, id=32, 1081.79156pt x 184.43906pt>
File: ./images//checkleader.png Graphic file (type png)
<use ./images//checkleader.png>
Package pdftex.def Info: ./images//checkleader.png  used on input line 190.
(pdftex.def)             Requested size: 324.53998pt x 55.33214pt.

Overfull \hbox (6.79999pt too wide) in paragraph at lines 185--191
[] 
 []

<./images//killnext.png, id=33, 910.90312pt x 264.23718pt>
File: ./images//killnext.png Graphic file (type png)
<use ./images//killnext.png>
Package pdftex.def Info: ./images//killnext.png  used on input line 203.
(pdftex.def)             Requested size: 346.14677pt x 100.41116pt.

Overfull \hbox (6.79999pt too wide) in paragraph at lines 199--204
[] 
 []

[6 <./images//handlemessages.png (PNG copy)> <./images//checkleader.png (PNG co
py)>] [7 <./images//killnext.png (PNG copy)>] [8] (./report.aux) ) 
Here is how much of TeX's memory you used:
 4026 strings out of 476025
 62225 string characters out of 5796532
 1860388 words of memory out of 5000000
 24452 multiletter control sequences out of 15000+600000
 520831 words of font info for 65 fonts, out of 8000000 for 9000
 1141 hyphenation exceptions out of 8191
 72i,9n,77p,745b,1236s stack positions out of 5000i,500n,10000p,200000b,80000s
</usr/share/t
exmf-dist/fonts/type1/public/amsfonts/cm/cmbx10.pfb></usr/share/texmf-dist/font
s/type1/public/amsfonts/cm/cmbx12.pfb></usr/share/texmf-dist/fonts/type1/public
/amsfonts/cm/cmmi10.pfb></usr/share/texmf-dist/fonts/type1/public/amsfonts/cm/c
mr10.pfb></usr/share/texmf-dist/fonts/type1/public/amsfonts/cm/cmr12.pfb></usr/
share/texmf-dist/fonts/type1/public/amsfonts/cm/cmr17.pfb></usr/share/texmf-dis
t/fonts/type1/public/amsfonts/cm/cmsy10.pfb></usr/share/texmf-dist/fonts/type1/
public/amsfonts/cm/cmti10.pfb></usr/share/texmf-dist/fonts/type1/public/cm-supe
r/sfrm1000.pfb>
Output written on report.pdf (8 pages, 741450 bytes).
PDF statistics:
 84 PDF objects out of 1000 (max. 8388607)
 48 compressed objects within 1 object stream
 0 named destinations out of 1000 (max. 500000)
 36 words of extra memory for PDF output out of 10000 (max. 10000000)

